D, [2017-06-30T15:33:37.149879 #88290] DEBUG -- :   [1m[36mActiveRecord::InternalMetadata Load (0.4ms)[0m  [1m[34mSELECT  "ar_internal_metadata".* FROM "ar_internal_metadata" WHERE "ar_internal_metadata"."key" = ? LIMIT ?[0m  [["key", "environment"], ["LIMIT", 1]]
D, [2017-06-30T15:33:37.157667 #88290] DEBUG -- :   [1m[35m (0.1ms)[0m  [1m[36mbegin transaction[0m
D, [2017-06-30T15:33:37.158573 #88290] DEBUG -- :   [1m[35m (0.0ms)[0m  [1m[36mcommit transaction[0m
D, [2017-06-30T15:33:38.036718 #88290] DEBUG -- :   [1m[36mEvent Load (0.3ms)[0m  [1m[34mSELECT  "events".* FROM "events" ORDER BY "events"."id" DESC LIMIT ?[0m  [["LIMIT", 1]]
D, [2017-06-30T15:33:47.404292 #88290] DEBUG -- :   [1m[36mPerson Load (0.7ms)[0m  [1m[34mSELECT  "people".* FROM "people" WHERE "people"."slack_id" = ? LIMIT ?[0m  [["slack_id", "U621BB1B5"], ["LIMIT", 1]]
D, [2017-06-30T15:33:47.424595 #88290] DEBUG -- :   [1m[36mEvent Load (0.4ms)[0m  [1m[34mSELECT  "events".* FROM "events" ORDER BY "events"."id" DESC LIMIT ?[0m  [["LIMIT", 1]]
D, [2017-06-30T15:33:47.452962 #88290] DEBUG -- :   [1m[36mEventVideo Load (1.4ms)[0m  [1m[34mSELECT "event_videos".* FROM "event_videos" WHERE "event_videos"."event_id" = ?[0m  [["event_id", 1]]
D, [2017-06-30T15:33:47.475523 #88290] DEBUG -- :   [1m[36mVideo Load (0.7ms)[0m  [1m[34mSELECT  "videos".* FROM "videos" WHERE "videos"."id" = ? LIMIT ?[0m  [["id", 1], ["LIMIT", 1]]
D, [2017-06-30T15:33:47.477451 #88290] DEBUG -- :   [1m[36mVideo Load (0.1ms)[0m  [1m[34mSELECT  "videos".* FROM "videos" WHERE "videos"."id" = ? LIMIT ?[0m  [["id", 2], ["LIMIT", 1]]
D, [2017-06-30T15:33:47.478679 #88290] DEBUG -- :   [1m[36mVideo Load (0.1ms)[0m  [1m[34mSELECT  "videos".* FROM "videos" WHERE "videos"."id" = ? LIMIT ?[0m  [["id", 3], ["LIMIT", 1]]
D, [2017-06-30T15:33:47.479892 #88290] DEBUG -- :   [1m[36mVideo Load (0.1ms)[0m  [1m[34mSELECT  "videos".* FROM "videos" WHERE "videos"."id" = ? LIMIT ?[0m  [["id", 4], ["LIMIT", 1]]
D, [2017-06-30T15:33:47.481023 #88290] DEBUG -- :   [1m[36mVideo Load (0.1ms)[0m  [1m[34mSELECT  "videos".* FROM "videos" WHERE "videos"."id" = ? LIMIT ?[0m  [["id", 5], ["LIMIT", 1]]
D, [2017-06-30T15:33:47.482387 #88290] DEBUG -- :   [1m[36mVideo Load (0.1ms)[0m  [1m[34mSELECT  "videos".* FROM "videos" WHERE "videos"."id" = ? LIMIT ?[0m  [["id", 6], ["LIMIT", 1]]
D, [2017-06-30T15:33:47.483570 #88290] DEBUG -- :   [1m[36mVideo Load (0.1ms)[0m  [1m[34mSELECT  "videos".* FROM "videos" WHERE "videos"."id" = ? LIMIT ?[0m  [["id", 7], ["LIMIT", 1]]
D, [2017-06-30T15:33:47.484964 #88290] DEBUG -- :   [1m[36mVideo Load (0.1ms)[0m  [1m[34mSELECT  "videos".* FROM "videos" WHERE "videos"."id" = ? LIMIT ?[0m  [["id", 8], ["LIMIT", 1]]
D, [2017-06-30T15:33:47.486684 #88290] DEBUG -- :   [1m[36mVideo Load (0.1ms)[0m  [1m[34mSELECT  "videos".* FROM "videos" WHERE "videos"."id" = ? LIMIT ?[0m  [["id", 9], ["LIMIT", 1]]
D, [2017-06-30T15:33:47.488615 #88290] DEBUG -- :   [1m[35m (0.3ms)[0m  [1m[34mSELECT COUNT(*) FROM "event_videos" WHERE "event_videos"."event_id" = ?[0m  [["event_id", 1]]
D, [2017-06-30T15:33:47.490092 #88290] DEBUG -- :   [1m[35m (0.1ms)[0m  [1m[36mbegin transaction[0m
D, [2017-06-30T15:33:47.494384 #88290] DEBUG -- :   [1m[35mSQL (1.1ms)[0m  [1m[32mINSERT INTO "videos" ("url") VALUES (?)[0m  [["url", "https://www.youtube.com/watch?v=GaQxn1Ke8AY"]]
D, [2017-06-30T15:33:47.504942 #88290] DEBUG -- :   [1m[35mSQL (5.8ms)[0m  [1m[32mINSERT INTO "event_videos" ("event_id", "video_id", "consecutive_number") VALUES (?, ?, ?)[0m  [["event_id", 1], ["video_id", 10], ["consecutive_number", 10]]
D, [2017-06-30T15:33:47.506769 #88290] DEBUG -- :   [1m[35m (1.2ms)[0m  [1m[36mcommit transaction[0m
D, [2017-06-30T15:33:47.507144 #88290] DEBUG -- :   [1m[35m (0.1ms)[0m  [1m[36mbegin transaction[0m
D, [2017-06-30T15:33:47.508640 #88290] DEBUG -- :   [1m[35m (0.1ms)[0m  [1m[36mcommit transaction[0m
D, [2017-06-30T15:33:47.508993 #88290] DEBUG -- :   [1m[35m (0.1ms)[0m  [1m[36mbegin transaction[0m
D, [2017-06-30T15:33:47.510263 #88290] DEBUG -- :   [1m[35m (0.1ms)[0m  [1m[36mcommit transaction[0m
D, [2017-06-30T15:33:47.511241 #88290] DEBUG -- :   [1m[36mEvent Load (0.2ms)[0m  [1m[34mSELECT  "events".* FROM "events" ORDER BY "events"."id" DESC LIMIT ?[0m  [["LIMIT", 1]]
D, [2017-06-30T15:33:47.514696 #88290] DEBUG -- :   [1m[36mEventVideo Load (0.3ms)[0m  [1m[34mSELECT "event_videos".* FROM "event_videos" WHERE "event_videos"."event_id" = ?[0m  [["event_id", 1]]
D, [2017-06-30T15:33:47.526892 #88290] DEBUG -- :   [1m[36mVideo Load (0.9ms)[0m  [1m[34mSELECT  "videos".* FROM "videos" WHERE "videos"."id" = ? LIMIT ?[0m  [["id", 1], ["LIMIT", 1]]
D, [2017-06-30T15:33:48.371612 #88290] DEBUG -- :   [1m[35m (0.4ms)[0m  [1m[34mSELECT COUNT(*) FROM "event_video_votes" WHERE "event_video_votes"."event_video_id" = ?[0m  [["event_video_id", 1]]
D, [2017-06-30T15:33:48.374133 #88290] DEBUG -- :   [1m[36mVideo Load (0.4ms)[0m  [1m[34mSELECT  "videos".* FROM "videos" WHERE "videos"."id" = ? LIMIT ?[0m  [["id", 2], ["LIMIT", 1]]
D, [2017-06-30T15:33:49.057379 #88290] DEBUG -- :   [1m[35m (0.3ms)[0m  [1m[34mSELECT COUNT(*) FROM "event_video_votes" WHERE "event_video_votes"."event_video_id" = ?[0m  [["event_video_id", 2]]
D, [2017-06-30T15:33:49.059830 #88290] DEBUG -- :   [1m[36mVideo Load (0.4ms)[0m  [1m[34mSELECT  "videos".* FROM "videos" WHERE "videos"."id" = ? LIMIT ?[0m  [["id", 3], ["LIMIT", 1]]
D, [2017-06-30T15:33:49.696262 #88290] DEBUG -- :   [1m[35m (0.3ms)[0m  [1m[34mSELECT COUNT(*) FROM "event_video_votes" WHERE "event_video_votes"."event_video_id" = ?[0m  [["event_video_id", 3]]
D, [2017-06-30T15:33:49.700490 #88290] DEBUG -- :   [1m[36mVideo Load (0.4ms)[0m  [1m[34mSELECT  "videos".* FROM "videos" WHERE "videos"."id" = ? LIMIT ?[0m  [["id", 4], ["LIMIT", 1]]
D, [2017-06-30T15:33:50.428022 #88290] DEBUG -- :   [1m[35m (0.2ms)[0m  [1m[34mSELECT COUNT(*) FROM "event_video_votes" WHERE "event_video_votes"."event_video_id" = ?[0m  [["event_video_id", 4]]
D, [2017-06-30T15:33:50.430567 #88290] DEBUG -- :   [1m[36mVideo Load (0.7ms)[0m  [1m[34mSELECT  "videos".* FROM "videos" WHERE "videos"."id" = ? LIMIT ?[0m  [["id", 5], ["LIMIT", 1]]
D, [2017-06-30T15:33:51.194701 #88290] DEBUG -- :   [1m[35m (0.3ms)[0m  [1m[34mSELECT COUNT(*) FROM "event_video_votes" WHERE "event_video_votes"."event_video_id" = ?[0m  [["event_video_id", 5]]
D, [2017-06-30T15:33:51.196689 #88290] DEBUG -- :   [1m[36mVideo Load (0.3ms)[0m  [1m[34mSELECT  "videos".* FROM "videos" WHERE "videos"."id" = ? LIMIT ?[0m  [["id", 6], ["LIMIT", 1]]
D, [2017-06-30T15:33:51.989736 #88290] DEBUG -- :   [1m[35m (0.2ms)[0m  [1m[34mSELECT COUNT(*) FROM "event_video_votes" WHERE "event_video_votes"."event_video_id" = ?[0m  [["event_video_id", 6]]
D, [2017-06-30T15:33:51.990934 #88290] DEBUG -- :   [1m[36mVideo Load (0.2ms)[0m  [1m[34mSELECT  "videos".* FROM "videos" WHERE "videos"."id" = ? LIMIT ?[0m  [["id", 7], ["LIMIT", 1]]
D, [2017-06-30T15:33:52.648881 #88290] DEBUG -- :   [1m[35m (0.2ms)[0m  [1m[34mSELECT COUNT(*) FROM "event_video_votes" WHERE "event_video_votes"."event_video_id" = ?[0m  [["event_video_id", 7]]
D, [2017-06-30T15:33:52.650135 #88290] DEBUG -- :   [1m[36mVideo Load (0.3ms)[0m  [1m[34mSELECT  "videos".* FROM "videos" WHERE "videos"."id" = ? LIMIT ?[0m  [["id", 8], ["LIMIT", 1]]
D, [2017-06-30T15:33:53.283011 #88290] DEBUG -- :   [1m[35m (0.2ms)[0m  [1m[34mSELECT COUNT(*) FROM "event_video_votes" WHERE "event_video_votes"."event_video_id" = ?[0m  [["event_video_id", 8]]
D, [2017-06-30T15:33:53.284682 #88290] DEBUG -- :   [1m[36mVideo Load (0.2ms)[0m  [1m[34mSELECT  "videos".* FROM "videos" WHERE "videos"."id" = ? LIMIT ?[0m  [["id", 9], ["LIMIT", 1]]
D, [2017-06-30T15:33:53.923297 #88290] DEBUG -- :   [1m[35m (0.2ms)[0m  [1m[34mSELECT COUNT(*) FROM "event_video_votes" WHERE "event_video_votes"."event_video_id" = ?[0m  [["event_video_id", 9]]
D, [2017-06-30T15:33:53.925397 #88290] DEBUG -- :   [1m[36mVideo Load (0.3ms)[0m  [1m[34mSELECT  "videos".* FROM "videos" WHERE "videos"."id" = ? LIMIT ?[0m  [["id", 10], ["LIMIT", 1]]
D, [2017-06-30T15:33:54.514239 #88290] DEBUG -- :   [1m[35m (0.2ms)[0m  [1m[34mSELECT COUNT(*) FROM "event_video_votes" WHERE "event_video_votes"."event_video_id" = ?[0m  [["event_video_id", 10]]
D, [2017-06-30T15:33:54.536599 #88290] DEBUG -- :   [1m[36mPerson Load (0.3ms)[0m  [1m[34mSELECT  "people".* FROM "people" WHERE "people"."slack_id" = ? LIMIT ?[0m  [["slack_id", "U62U4CVF1"], ["LIMIT", 1]]
D, [2017-06-30T15:33:54.538427 #88290] DEBUG -- :   [1m[36mEvent Load (0.2ms)[0m  [1m[34mSELECT  "events".* FROM "events" ORDER BY "events"."id" DESC LIMIT ?[0m  [["LIMIT", 1]]
D, [2017-06-30T15:33:54.540814 #88290] DEBUG -- :   [1m[36mEventVideo Load (0.3ms)[0m  [1m[34mSELECT "event_videos".* FROM "event_videos" WHERE "event_videos"."event_id" = ?[0m  [["event_id", 1]]
D, [2017-06-30T15:33:54.544695 #88290] DEBUG -- :   [1m[36mVideo Load (0.2ms)[0m  [1m[34mSELECT  "videos".* FROM "videos" WHERE "videos"."id" = ? LIMIT ?[0m  [["id", 1], ["LIMIT", 1]]
D, [2017-06-30T15:34:19.316840 #88290] DEBUG -- :   [1m[36mPerson Load (0.4ms)[0m  [1m[34mSELECT  "people".* FROM "people" WHERE "people"."slack_id" = ? LIMIT ?[0m  [["slack_id", "U62U4CVF1"], ["LIMIT", 1]]
D, [2017-06-30T15:34:19.320079 #88290] DEBUG -- :   [1m[36mEvent Load (0.2ms)[0m  [1m[34mSELECT  "events".* FROM "events" ORDER BY "events"."id" DESC LIMIT ?[0m  [["LIMIT", 1]]
D, [2017-06-30T15:34:19.323533 #88290] DEBUG -- :   [1m[36mEventVideo Load (0.2ms)[0m  [1m[34mSELECT "event_videos".* FROM "event_videos" WHERE "event_videos"."event_id" = ?[0m  [["event_id", 1]]
D, [2017-06-30T15:34:19.327411 #88290] DEBUG -- :   [1m[36mVideo Load (0.2ms)[0m  [1m[34mSELECT  "videos".* FROM "videos" WHERE "videos"."id" = ? LIMIT ?[0m  [["id", 1], ["LIMIT", 1]]
D, [2017-06-30T15:34:19.328663 #88290] DEBUG -- :   [1m[36mEvent Load (0.2ms)[0m  [1m[34mSELECT  "events".* FROM "events" ORDER BY "events"."id" DESC LIMIT ?[0m  [["LIMIT", 1]]
D, [2017-06-30T15:34:19.332364 #88290] DEBUG -- :   [1m[36mEventVideo Load (0.3ms)[0m  [1m[34mSELECT "event_videos".* FROM "event_videos" WHERE "event_videos"."event_id" = ?[0m  [["event_id", 1]]
D, [2017-06-30T15:34:19.336030 #88290] DEBUG -- :   [1m[36mVideo Load (0.2ms)[0m  [1m[34mSELECT  "videos".* FROM "videos" WHERE "videos"."id" = ? LIMIT ?[0m  [["id", 1], ["LIMIT", 1]]
D, [2017-06-30T15:34:20.094753 #88290] DEBUG -- :   [1m[35m (0.2ms)[0m  [1m[34mSELECT COUNT(*) FROM "event_video_votes" WHERE "event_video_votes"."event_video_id" = ?[0m  [["event_video_id", 1]]
D, [2017-06-30T15:34:20.096171 #88290] DEBUG -- :   [1m[36mVideo Load (0.2ms)[0m  [1m[34mSELECT  "videos".* FROM "videos" WHERE "videos"."id" = ? LIMIT ?[0m  [["id", 2], ["LIMIT", 1]]
D, [2017-06-30T15:34:20.783015 #88290] DEBUG -- :   [1m[35m (0.3ms)[0m  [1m[34mSELECT COUNT(*) FROM "event_video_votes" WHERE "event_video_votes"."event_video_id" = ?[0m  [["event_video_id", 2]]
D, [2017-06-30T15:34:20.784188 #88290] DEBUG -- :   [1m[36mVideo Load (0.2ms)[0m  [1m[34mSELECT  "videos".* FROM "videos" WHERE "videos"."id" = ? LIMIT ?[0m  [["id", 3], ["LIMIT", 1]]
D, [2017-06-30T15:34:21.348919 #88290] DEBUG -- :   [1m[35m (0.2ms)[0m  [1m[34mSELECT COUNT(*) FROM "event_video_votes" WHERE "event_video_votes"."event_video_id" = ?[0m  [["event_video_id", 3]]
D, [2017-06-30T15:34:21.350093 #88290] DEBUG -- :   [1m[36mVideo Load (0.2ms)[0m  [1m[34mSELECT  "videos".* FROM "videos" WHERE "videos"."id" = ? LIMIT ?[0m  [["id", 4], ["LIMIT", 1]]
D, [2017-06-30T15:34:22.025332 #88290] DEBUG -- :   [1m[35m (0.2ms)[0m  [1m[34mSELECT COUNT(*) FROM "event_video_votes" WHERE "event_video_votes"."event_video_id" = ?[0m  [["event_video_id", 4]]
D, [2017-06-30T15:34:22.027435 #88290] DEBUG -- :   [1m[36mVideo Load (0.2ms)[0m  [1m[34mSELECT  "videos".* FROM "videos" WHERE "videos"."id" = ? LIMIT ?[0m  [["id", 5], ["LIMIT", 1]]
D, [2017-06-30T15:34:22.689332 #88290] DEBUG -- :   [1m[35m (0.2ms)[0m  [1m[34mSELECT COUNT(*) FROM "event_video_votes" WHERE "event_video_votes"."event_video_id" = ?[0m  [["event_video_id", 5]]
D, [2017-06-30T15:34:22.690646 #88290] DEBUG -- :   [1m[36mVideo Load (0.2ms)[0m  [1m[34mSELECT  "videos".* FROM "videos" WHERE "videos"."id" = ? LIMIT ?[0m  [["id", 6], ["LIMIT", 1]]
D, [2017-06-30T15:34:23.403257 #88290] DEBUG -- :   [1m[35m (0.6ms)[0m  [1m[34mSELECT COUNT(*) FROM "event_video_votes" WHERE "event_video_votes"."event_video_id" = ?[0m  [["event_video_id", 6]]
D, [2017-06-30T15:34:23.405439 #88290] DEBUG -- :   [1m[36mVideo Load (0.3ms)[0m  [1m[34mSELECT  "videos".* FROM "videos" WHERE "videos"."id" = ? LIMIT ?[0m  [["id", 7], ["LIMIT", 1]]
D, [2017-06-30T15:34:24.014353 #88290] DEBUG -- :   [1m[35m (0.3ms)[0m  [1m[34mSELECT COUNT(*) FROM "event_video_votes" WHERE "event_video_votes"."event_video_id" = ?[0m  [["event_video_id", 7]]
D, [2017-06-30T15:34:24.016471 #88290] DEBUG -- :   [1m[36mVideo Load (0.3ms)[0m  [1m[34mSELECT  "videos".* FROM "videos" WHERE "videos"."id" = ? LIMIT ?[0m  [["id", 8], ["LIMIT", 1]]
D, [2017-06-30T15:34:24.645421 #88290] DEBUG -- :   [1m[35m (0.4ms)[0m  [1m[34mSELECT COUNT(*) FROM "event_video_votes" WHERE "event_video_votes"."event_video_id" = ?[0m  [["event_video_id", 8]]
D, [2017-06-30T15:34:24.648324 #88290] DEBUG -- :   [1m[36mVideo Load (0.4ms)[0m  [1m[34mSELECT  "videos".* FROM "videos" WHERE "videos"."id" = ? LIMIT ?[0m  [["id", 9], ["LIMIT", 1]]
D, [2017-06-30T15:34:25.243292 #88290] DEBUG -- :   [1m[35m (0.2ms)[0m  [1m[34mSELECT COUNT(*) FROM "event_video_votes" WHERE "event_video_votes"."event_video_id" = ?[0m  [["event_video_id", 9]]
D, [2017-06-30T15:34:25.245552 #88290] DEBUG -- :   [1m[36mVideo Load (0.4ms)[0m  [1m[34mSELECT  "videos".* FROM "videos" WHERE "videos"."id" = ? LIMIT ?[0m  [["id", 10], ["LIMIT", 1]]
D, [2017-06-30T15:34:25.878287 #88290] DEBUG -- :   [1m[35m (0.3ms)[0m  [1m[34mSELECT COUNT(*) FROM "event_video_votes" WHERE "event_video_votes"."event_video_id" = ?[0m  [["event_video_id", 10]]
D, [2017-06-30T15:34:25.879965 #88290] DEBUG -- :   [1m[36mVideo Load (0.2ms)[0m  [1m[34mSELECT  "videos".* FROM "videos" WHERE "videos"."id" = ? LIMIT ?[0m  [["id", 11], ["LIMIT", 1]]
D, [2017-06-30T15:34:26.558973 #88290] DEBUG -- :   [1m[35m (0.3ms)[0m  [1m[34mSELECT COUNT(*) FROM "event_video_votes" WHERE "event_video_votes"."event_video_id" = ?[0m  [["event_video_id", 11]]
D, [2017-06-30T15:35:26.488362 #88290] DEBUG -- :   [1m[36mPerson Load (6.5ms)[0m  [1m[34mSELECT  "people".* FROM "people" WHERE "people"."slack_id" = ? LIMIT ?[0m  [["slack_id", "U621BB1B5"], ["LIMIT", 1]]
D, [2017-06-30T15:35:26.496212 #88290] DEBUG -- :   [1m[36mEvent Load (0.5ms)[0m  [1m[34mSELECT  "events".* FROM "events" ORDER BY "events"."id" DESC LIMIT ?[0m  [["LIMIT", 1]]
D, [2017-06-30T15:35:26.506147 #88290] DEBUG -- :   [1m[36mEventVideo Load (0.4ms)[0m  [1m[34mSELECT "event_videos".* FROM "event_videos" WHERE "event_videos"."event_id" = ?[0m  [["event_id", 1]]
D, [2017-06-30T15:35:26.511342 #88290] DEBUG -- :   [1m[36mVideo Load (0.2ms)[0m  [1m[34mSELECT  "videos".* FROM "videos" WHERE "videos"."id" = ? LIMIT ?[0m  [["id", 1], ["LIMIT", 1]]
D, [2017-06-30T15:35:26.514124 #88290] DEBUG -- :   [1m[36mVideo Load (0.3ms)[0m  [1m[34mSELECT  "videos".* FROM "videos" WHERE "videos"."id" = ? LIMIT ?[0m  [["id", 2], ["LIMIT", 1]]
D, [2017-06-30T15:35:26.516659 #88290] DEBUG -- :   [1m[36mVideo Load (0.2ms)[0m  [1m[34mSELECT  "videos".* FROM "videos" WHERE "videos"."id" = ? LIMIT ?[0m  [["id", 3], ["LIMIT", 1]]
D, [2017-06-30T15:35:26.519085 #88290] DEBUG -- :   [1m[36mVideo Load (0.2ms)[0m  [1m[34mSELECT  "videos".* FROM "videos" WHERE "videos"."id" = ? LIMIT ?[0m  [["id", 4], ["LIMIT", 1]]
D, [2017-06-30T15:35:26.521844 #88290] DEBUG -- :   [1m[36mVideo Load (0.2ms)[0m  [1m[34mSELECT  "videos".* FROM "videos" WHERE "videos"."id" = ? LIMIT ?[0m  [["id", 5], ["LIMIT", 1]]
D, [2017-06-30T15:35:26.524315 #88290] DEBUG -- :   [1m[36mVideo Load (0.4ms)[0m  [1m[34mSELECT  "videos".* FROM "videos" WHERE "videos"."id" = ? LIMIT ?[0m  [["id", 6], ["LIMIT", 1]]
D, [2017-06-30T15:35:26.528047 #88290] DEBUG -- :   [1m[36mVideo Load (0.2ms)[0m  [1m[34mSELECT  "videos".* FROM "videos" WHERE "videos"."id" = ? LIMIT ?[0m  [["id", 7], ["LIMIT", 1]]
D, [2017-06-30T15:35:26.531198 #88290] DEBUG -- :   [1m[36mVideo Load (0.3ms)[0m  [1m[34mSELECT  "videos".* FROM "videos" WHERE "videos"."id" = ? LIMIT ?[0m  [["id", 8], ["LIMIT", 1]]
D, [2017-06-30T15:35:26.533712 #88290] DEBUG -- :   [1m[36mVideo Load (0.2ms)[0m  [1m[34mSELECT  "videos".* FROM "videos" WHERE "videos"."id" = ? LIMIT ?[0m  [["id", 9], ["LIMIT", 1]]
D, [2017-06-30T15:35:26.535317 #88290] DEBUG -- :   [1m[36mVideo Load (0.1ms)[0m  [1m[34mSELECT  "videos".* FROM "videos" WHERE "videos"."id" = ? LIMIT ?[0m  [["id", 10], ["LIMIT", 1]]
D, [2017-06-30T15:35:26.536843 #88290] DEBUG -- :   [1m[36mVideo Load (0.2ms)[0m  [1m[34mSELECT  "videos".* FROM "videos" WHERE "videos"."id" = ? LIMIT ?[0m  [["id", 11], ["LIMIT", 1]]
D, [2017-06-30T15:35:26.538306 #88290] DEBUG -- :   [1m[36mVideo Load (0.2ms)[0m  [1m[34mSELECT  "videos".* FROM "videos" WHERE "videos"."id" = ? LIMIT ?[0m  [["id", 12], ["LIMIT", 1]]
D, [2017-06-30T15:35:26.539202 #88290] DEBUG -- :   [1m[36mEvent Load (0.2ms)[0m  [1m[34mSELECT  "events".* FROM "events" ORDER BY "events"."id" DESC LIMIT ?[0m  [["LIMIT", 1]]
D, [2017-06-30T15:35:26.542023 #88290] DEBUG -- :   [1m[36mEventVideo Load (0.2ms)[0m  [1m[34mSELECT "event_videos".* FROM "event_videos" WHERE "event_videos"."event_id" = ?[0m  [["event_id", 1]]
D, [2017-06-30T15:35:26.545513 #88290] DEBUG -- :   [1m[36mVideo Load (0.2ms)[0m  [1m[34mSELECT  "videos".* FROM "videos" WHERE "videos"."id" = ? LIMIT ?[0m  [["id", 1], ["LIMIT", 1]]
D, [2017-06-30T15:35:27.309238 #88290] DEBUG -- :   [1m[35m (0.4ms)[0m  [1m[34mSELECT COUNT(*) FROM "event_video_votes" WHERE "event_video_votes"."event_video_id" = ?[0m  [["event_video_id", 1]]
D, [2017-06-30T15:35:27.311395 #88290] DEBUG -- :   [1m[36mVideo Load (0.3ms)[0m  [1m[34mSELECT  "videos".* FROM "videos" WHERE "videos"."id" = ? LIMIT ?[0m  [["id", 2], ["LIMIT", 1]]
D, [2017-06-30T15:35:27.959538 #88290] DEBUG -- :   [1m[35m (0.3ms)[0m  [1m[34mSELECT COUNT(*) FROM "event_video_votes" WHERE "event_video_votes"."event_video_id" = ?[0m  [["event_video_id", 2]]
D, [2017-06-30T15:35:27.962168 #88290] DEBUG -- :   [1m[36mVideo Load (0.4ms)[0m  [1m[34mSELECT  "videos".* FROM "videos" WHERE "videos"."id" = ? LIMIT ?[0m  [["id", 3], ["LIMIT", 1]]
D, [2017-06-30T15:35:28.592691 #88290] DEBUG -- :   [1m[35m (0.3ms)[0m  [1m[34mSELECT COUNT(*) FROM "event_video_votes" WHERE "event_video_votes"."event_video_id" = ?[0m  [["event_video_id", 3]]
D, [2017-06-30T15:35:28.594629 #88290] DEBUG -- :   [1m[36mVideo Load (0.2ms)[0m  [1m[34mSELECT  "videos".* FROM "videos" WHERE "videos"."id" = ? LIMIT ?[0m  [["id", 4], ["LIMIT", 1]]
D, [2017-06-30T15:35:29.295449 #88290] DEBUG -- :   [1m[35m (0.3ms)[0m  [1m[34mSELECT COUNT(*) FROM "event_video_votes" WHERE "event_video_votes"."event_video_id" = ?[0m  [["event_video_id", 4]]
D, [2017-06-30T15:35:29.297927 #88290] DEBUG -- :   [1m[36mVideo Load (0.5ms)[0m  [1m[34mSELECT  "videos".* FROM "videos" WHERE "videos"."id" = ? LIMIT ?[0m  [["id", 5], ["LIMIT", 1]]
D, [2017-06-30T15:35:29.925970 #88290] DEBUG -- :   [1m[35m (0.3ms)[0m  [1m[34mSELECT COUNT(*) FROM "event_video_votes" WHERE "event_video_votes"."event_video_id" = ?[0m  [["event_video_id", 5]]
D, [2017-06-30T15:35:29.927409 #88290] DEBUG -- :   [1m[36mVideo Load (0.2ms)[0m  [1m[34mSELECT  "videos".* FROM "videos" WHERE "videos"."id" = ? LIMIT ?[0m  [["id", 6], ["LIMIT", 1]]
D, [2017-06-30T15:35:30.556631 #88290] DEBUG -- :   [1m[35m (0.2ms)[0m  [1m[34mSELECT COUNT(*) FROM "event_video_votes" WHERE "event_video_votes"."event_video_id" = ?[0m  [["event_video_id", 6]]
D, [2017-06-30T15:35:30.557587 #88290] DEBUG -- :   [1m[36mVideo Load (0.1ms)[0m  [1m[34mSELECT  "videos".* FROM "videos" WHERE "videos"."id" = ? LIMIT ?[0m  [["id", 7], ["LIMIT", 1]]
D, [2017-06-30T15:35:31.224752 #88290] DEBUG -- :   [1m[35m (0.4ms)[0m  [1m[34mSELECT COUNT(*) FROM "event_video_votes" WHERE "event_video_votes"."event_video_id" = ?[0m  [["event_video_id", 7]]
D, [2017-06-30T15:35:31.232344 #88290] DEBUG -- :   [1m[36mVideo Load (2.7ms)[0m  [1m[34mSELECT  "videos".* FROM "videos" WHERE "videos"."id" = ? LIMIT ?[0m  [["id", 8], ["LIMIT", 1]]
D, [2017-06-30T15:35:31.813708 #88290] DEBUG -- :   [1m[35m (0.3ms)[0m  [1m[34mSELECT COUNT(*) FROM "event_video_votes" WHERE "event_video_votes"."event_video_id" = ?[0m  [["event_video_id", 8]]
D, [2017-06-30T15:35:31.815947 #88290] DEBUG -- :   [1m[36mVideo Load (0.3ms)[0m  [1m[34mSELECT  "videos".* FROM "videos" WHERE "videos"."id" = ? LIMIT ?[0m  [["id", 9], ["LIMIT", 1]]
D, [2017-06-30T15:35:32.382130 #88290] DEBUG -- :   [1m[35m (0.2ms)[0m  [1m[34mSELECT COUNT(*) FROM "event_video_votes" WHERE "event_video_votes"."event_video_id" = ?[0m  [["event_video_id", 9]]
D, [2017-06-30T15:35:32.383097 #88290] DEBUG -- :   [1m[36mVideo Load (0.1ms)[0m  [1m[34mSELECT  "videos".* FROM "videos" WHERE "videos"."id" = ? LIMIT ?[0m  [["id", 10], ["LIMIT", 1]]
D, [2017-06-30T15:35:32.923092 #88290] DEBUG -- :   [1m[35m (0.2ms)[0m  [1m[34mSELECT COUNT(*) FROM "event_video_votes" WHERE "event_video_votes"."event_video_id" = ?[0m  [["event_video_id", 10]]
D, [2017-06-30T15:35:32.925136 #88290] DEBUG -- :   [1m[36mVideo Load (0.2ms)[0m  [1m[34mSELECT  "videos".* FROM "videos" WHERE "videos"."id" = ? LIMIT ?[0m  [["id", 11], ["LIMIT", 1]]
D, [2017-06-30T15:35:33.597547 #88290] DEBUG -- :   [1m[35m (0.2ms)[0m  [1m[34mSELECT COUNT(*) FROM "event_video_votes" WHERE "event_video_votes"."event_video_id" = ?[0m  [["event_video_id", 11]]
D, [2017-06-30T15:35:33.599288 #88290] DEBUG -- :   [1m[36mVideo Load (0.3ms)[0m  [1m[34mSELECT  "videos".* FROM "videos" WHERE "videos"."id" = ? LIMIT ?[0m  [["id", 12], ["LIMIT", 1]]
D, [2017-06-30T15:35:34.184823 #88290] DEBUG -- :   [1m[35m (0.2ms)[0m  [1m[34mSELECT COUNT(*) FROM "event_video_votes" WHERE "event_video_votes"."event_video_id" = ?[0m  [["event_video_id", 12]]
D, [2017-06-30T15:36:45.693922 #88290] DEBUG -- :   [1m[36mPerson Load (2.2ms)[0m  [1m[34mSELECT  "people".* FROM "people" WHERE "people"."slack_id" = ? LIMIT ?[0m  [["slack_id", "U62U4CVF1"], ["LIMIT", 1]]
D, [2017-06-30T15:36:45.710769 #88290] DEBUG -- :   [1m[36mEvent Load (0.3ms)[0m  [1m[34mSELECT  "events".* FROM "events" ORDER BY "events"."id" DESC LIMIT ?[0m  [["LIMIT", 1]]
D, [2017-06-30T15:36:45.723007 #88290] DEBUG -- :   [1m[36mEventVideo Load (1.1ms)[0m  [1m[34mSELECT "event_videos".* FROM "event_videos" WHERE "event_videos"."event_id" = ?[0m  [["event_id", 1]]
D, [2017-06-30T15:36:45.735357 #88290] DEBUG -- :   [1m[36mVideo Load (0.4ms)[0m  [1m[34mSELECT  "videos".* FROM "videos" WHERE "videos"."id" = ? LIMIT ?[0m  [["id", 1], ["LIMIT", 1]]
D, [2017-06-30T15:36:45.741958 #88290] DEBUG -- :   [1m[36mEvent Load (1.0ms)[0m  [1m[34mSELECT  "events".* FROM "events" ORDER BY "events"."id" DESC LIMIT ?[0m  [["LIMIT", 1]]
D, [2017-06-30T15:36:45.782460 #88290] DEBUG -- :   [1m[36mEventVideo Load (3.8ms)[0m  [1m[34mSELECT "event_videos".* FROM "event_videos" WHERE "event_videos"."event_id" = ?[0m  [["event_id", 1]]
D, [2017-06-30T15:36:45.792586 #88290] DEBUG -- :   [1m[36mVideo Load (0.5ms)[0m  [1m[34mSELECT  "videos".* FROM "videos" WHERE "videos"."id" = ? LIMIT ?[0m  [["id", 1], ["LIMIT", 1]]
D, [2017-06-30T15:36:46.602157 #88290] DEBUG -- :   [1m[35m (0.3ms)[0m  [1m[34mSELECT COUNT(*) FROM "event_video_votes" WHERE "event_video_votes"."event_video_id" = ?[0m  [["event_video_id", 1]]
D, [2017-06-30T15:36:46.603709 #88290] DEBUG -- :   [1m[36mVideo Load (0.2ms)[0m  [1m[34mSELECT  "videos".* FROM "videos" WHERE "videos"."id" = ? LIMIT ?[0m  [["id", 2], ["LIMIT", 1]]
D, [2017-06-30T15:36:56.821106 #88290] DEBUG -- :   [1m[36mPerson Load (0.3ms)[0m  [1m[34mSELECT  "people".* FROM "people" WHERE "people"."slack_id" = ? LIMIT ?[0m  [["slack_id", "U621BB1B5"], ["LIMIT", 1]]
D, [2017-06-30T15:36:56.826027 #88290] DEBUG -- :   [1m[36mEvent Load (0.3ms)[0m  [1m[34mSELECT  "events".* FROM "events" ORDER BY "events"."id" DESC LIMIT ?[0m  [["LIMIT", 1]]
D, [2017-06-30T15:36:56.828648 #88290] DEBUG -- :   [1m[36mEventVideo Load (0.3ms)[0m  [1m[34mSELECT "event_videos".* FROM "event_videos" WHERE "event_videos"."event_id" = ?[0m  [["event_id", 1]]
D, [2017-06-30T15:36:56.832806 #88290] DEBUG -- :   [1m[36mVideo Load (0.2ms)[0m  [1m[34mSELECT  "videos".* FROM "videos" WHERE "videos"."id" = ? LIMIT ?[0m  [["id", 1], ["LIMIT", 1]]
D, [2017-06-30T15:36:56.834588 #88290] DEBUG -- :   [1m[36mVideo Load (0.2ms)[0m  [1m[34mSELECT  "videos".* FROM "videos" WHERE "videos"."id" = ? LIMIT ?[0m  [["id", 2], ["LIMIT", 1]]
D, [2017-06-30T15:36:56.835771 #88290] DEBUG -- :   [1m[36mVideo Load (0.1ms)[0m  [1m[34mSELECT  "videos".* FROM "videos" WHERE "videos"."id" = ? LIMIT ?[0m  [["id", 3], ["LIMIT", 1]]
D, [2017-06-30T15:36:56.836826 #88290] DEBUG -- :   [1m[36mVideo Load (0.1ms)[0m  [1m[34mSELECT  "videos".* FROM "videos" WHERE "videos"."id" = ? LIMIT ?[0m  [["id", 4], ["LIMIT", 1]]
D, [2017-06-30T15:36:56.838587 #88290] DEBUG -- :   [1m[36mVideo Load (0.2ms)[0m  [1m[34mSELECT  "videos".* FROM "videos" WHERE "videos"."id" = ? LIMIT ?[0m  [["id", 5], ["LIMIT", 1]]
D, [2017-06-30T15:36:56.840733 #88290] DEBUG -- :   [1m[36mVideo Load (0.1ms)[0m  [1m[34mSELECT  "videos".* FROM "videos" WHERE "videos"."id" = ? LIMIT ?[0m  [["id", 6], ["LIMIT", 1]]
D, [2017-06-30T15:36:56.842339 #88290] DEBUG -- :   [1m[36mVideo Load (0.1ms)[0m  [1m[34mSELECT  "videos".* FROM "videos" WHERE "videos"."id" = ? LIMIT ?[0m  [["id", 7], ["LIMIT", 1]]
D, [2017-06-30T15:36:56.845957 #88290] DEBUG -- :   [1m[36mVideo Load (0.6ms)[0m  [1m[34mSELECT  "videos".* FROM "videos" WHERE "videos"."id" = ? LIMIT ?[0m  [["id", 8], ["LIMIT", 1]]
D, [2017-06-30T15:36:56.850581 #88290] DEBUG -- :   [1m[36mVideo Load (0.2ms)[0m  [1m[34mSELECT  "videos".* FROM "videos" WHERE "videos"."id" = ? LIMIT ?[0m  [["id", 9], ["LIMIT", 1]]
D, [2017-06-30T15:36:56.855743 #88290] DEBUG -- :   [1m[36mVideo Load (0.7ms)[0m  [1m[34mSELECT  "videos".* FROM "videos" WHERE "videos"."id" = ? LIMIT ?[0m  [["id", 10], ["LIMIT", 1]]
D, [2017-06-30T15:36:56.859554 #88290] DEBUG -- :   [1m[36mVideo Load (0.3ms)[0m  [1m[34mSELECT  "videos".* FROM "videos" WHERE "videos"."id" = ? LIMIT ?[0m  [["id", 11], ["LIMIT", 1]]
D, [2017-06-30T15:36:56.865373 #88290] DEBUG -- :   [1m[36mVideo Load (0.2ms)[0m  [1m[34mSELECT  "videos".* FROM "videos" WHERE "videos"."id" = ? LIMIT ?[0m  [["id", 12], ["LIMIT", 1]]
D, [2017-06-30T15:36:56.867155 #88290] DEBUG -- :   [1m[36mEvent Load (0.2ms)[0m  [1m[34mSELECT  "events".* FROM "events" ORDER BY "events"."id" DESC LIMIT ?[0m  [["LIMIT", 1]]
D, [2017-06-30T15:36:56.873767 #88290] DEBUG -- :   [1m[36mEventVideo Load (0.4ms)[0m  [1m[34mSELECT "event_videos".* FROM "event_videos" WHERE "event_videos"."event_id" = ?[0m  [["event_id", 1]]
D, [2017-06-30T15:36:56.885696 #88290] DEBUG -- :   [1m[36mVideo Load (0.4ms)[0m  [1m[34mSELECT  "videos".* FROM "videos" WHERE "videos"."id" = ? LIMIT ?[0m  [["id", 1], ["LIMIT", 1]]
D, [2017-06-30T15:36:57.536567 #88290] DEBUG -- :   [1m[35m (0.2ms)[0m  [1m[34mSELECT COUNT(*) FROM "event_video_votes" WHERE "event_video_votes"."event_video_id" = ?[0m  [["event_video_id", 1]]
D, [2017-06-30T15:36:57.537865 #88290] DEBUG -- :   [1m[36mVideo Load (0.2ms)[0m  [1m[34mSELECT  "videos".* FROM "videos" WHERE "videos"."id" = ? LIMIT ?[0m  [["id", 2], ["LIMIT", 1]]
D, [2017-06-30T15:36:58.150149 #88290] DEBUG -- :   [1m[35m (0.6ms)[0m  [1m[34mSELECT COUNT(*) FROM "event_video_votes" WHERE "event_video_votes"."event_video_id" = ?[0m  [["event_video_id", 2]]
D, [2017-06-30T15:36:58.152181 #88290] DEBUG -- :   [1m[36mVideo Load (0.4ms)[0m  [1m[34mSELECT  "videos".* FROM "videos" WHERE "videos"."id" = ? LIMIT ?[0m  [["id", 3], ["LIMIT", 1]]
D, [2017-06-30T15:36:58.789502 #88290] DEBUG -- :   [1m[35m (0.4ms)[0m  [1m[34mSELECT COUNT(*) FROM "event_video_votes" WHERE "event_video_votes"."event_video_id" = ?[0m  [["event_video_id", 3]]
D, [2017-06-30T15:36:58.791924 #88290] DEBUG -- :   [1m[36mVideo Load (0.5ms)[0m  [1m[34mSELECT  "videos".* FROM "videos" WHERE "videos"."id" = ? LIMIT ?[0m  [["id", 4], ["LIMIT", 1]]
D, [2017-06-30T15:36:59.633411 #88290] DEBUG -- :   [1m[35m (0.3ms)[0m  [1m[34mSELECT COUNT(*) FROM "event_video_votes" WHERE "event_video_votes"."event_video_id" = ?[0m  [["event_video_id", 4]]
D, [2017-06-30T15:36:59.635238 #88290] DEBUG -- :   [1m[36mVideo Load (0.3ms)[0m  [1m[34mSELECT  "videos".* FROM "videos" WHERE "videos"."id" = ? LIMIT ?[0m  [["id", 5], ["LIMIT", 1]]
D, [2017-06-30T15:37:00.203184 #88290] DEBUG -- :   [1m[35m (0.2ms)[0m  [1m[34mSELECT COUNT(*) FROM "event_video_votes" WHERE "event_video_votes"."event_video_id" = ?[0m  [["event_video_id", 5]]
D, [2017-06-30T15:37:00.204660 #88290] DEBUG -- :   [1m[36mVideo Load (0.3ms)[0m  [1m[34mSELECT  "videos".* FROM "videos" WHERE "videos"."id" = ? LIMIT ?[0m  [["id", 6], ["LIMIT", 1]]
D, [2017-06-30T15:37:00.794085 #88290] DEBUG -- :   [1m[35m (0.4ms)[0m  [1m[34mSELECT COUNT(*) FROM "event_video_votes" WHERE "event_video_votes"."event_video_id" = ?[0m  [["event_video_id", 6]]
D, [2017-06-30T15:37:00.795555 #88290] DEBUG -- :   [1m[36mVideo Load (0.2ms)[0m  [1m[34mSELECT  "videos".* FROM "videos" WHERE "videos"."id" = ? LIMIT ?[0m  [["id", 7], ["LIMIT", 1]]
D, [2017-06-30T15:37:01.461106 #88290] DEBUG -- :   [1m[35m (0.2ms)[0m  [1m[34mSELECT COUNT(*) FROM "event_video_votes" WHERE "event_video_votes"."event_video_id" = ?[0m  [["event_video_id", 7]]
D, [2017-06-30T15:37:01.462215 #88290] DEBUG -- :   [1m[36mVideo Load (0.2ms)[0m  [1m[34mSELECT  "videos".* FROM "videos" WHERE "videos"."id" = ? LIMIT ?[0m  [["id", 8], ["LIMIT", 1]]
D, [2017-06-30T15:37:02.029688 #88290] DEBUG -- :   [1m[35m (0.2ms)[0m  [1m[34mSELECT COUNT(*) FROM "event_video_votes" WHERE "event_video_votes"."event_video_id" = ?[0m  [["event_video_id", 8]]
D, [2017-06-30T15:37:02.031131 #88290] DEBUG -- :   [1m[36mVideo Load (0.2ms)[0m  [1m[34mSELECT  "videos".* FROM "videos" WHERE "videos"."id" = ? LIMIT ?[0m  [["id", 9], ["LIMIT", 1]]
D, [2017-06-30T15:37:02.662131 #88290] DEBUG -- :   [1m[35m (0.2ms)[0m  [1m[34mSELECT COUNT(*) FROM "event_video_votes" WHERE "event_video_votes"."event_video_id" = ?[0m  [["event_video_id", 9]]
D, [2017-06-30T15:37:02.663349 #88290] DEBUG -- :   [1m[36mVideo Load (0.2ms)[0m  [1m[34mSELECT  "videos".* FROM "videos" WHERE "videos"."id" = ? LIMIT ?[0m  [["id", 10], ["LIMIT", 1]]
D, [2017-06-30T15:37:03.306391 #88290] DEBUG -- :   [1m[35m (0.3ms)[0m  [1m[34mSELECT COUNT(*) FROM "event_video_votes" WHERE "event_video_votes"."event_video_id" = ?[0m  [["event_video_id", 10]]
D, [2017-06-30T15:37:03.307767 #88290] DEBUG -- :   [1m[36mVideo Load (0.2ms)[0m  [1m[34mSELECT  "videos".* FROM "videos" WHERE "videos"."id" = ? LIMIT ?[0m  [["id", 11], ["LIMIT", 1]]
D, [2017-06-30T15:37:03.868910 #88290] DEBUG -- :   [1m[35m (0.3ms)[0m  [1m[34mSELECT COUNT(*) FROM "event_video_votes" WHERE "event_video_votes"."event_video_id" = ?[0m  [["event_video_id", 11]]
D, [2017-06-30T15:37:03.870146 #88290] DEBUG -- :   [1m[36mVideo Load (0.2ms)[0m  [1m[34mSELECT  "videos".* FROM "videos" WHERE "videos"."id" = ? LIMIT ?[0m  [["id", 12], ["LIMIT", 1]]
D, [2017-06-30T15:37:04.592251 #88290] DEBUG -- :   [1m[35m (0.3ms)[0m  [1m[34mSELECT COUNT(*) FROM "event_video_votes" WHERE "event_video_votes"."event_video_id" = ?[0m  [["event_video_id", 12]]
)[0m  [1m[34mSELECT COUNT(*) FROM "event_video_votes" WHERE "event_video_votes"."event_video_id" = ?[0m  [["event_video_id", 4]]
D, [2017-06-30T15:36:48.466698 #88178] DEBUG -- :   [1m[36mVideo Load (0.2ms)[0m  [1m[34mSELECT  "videos".* FROM "videos" WHERE "videos"."id" = ? LIMIT ?[0m  [["id", 5], ["LIMIT", 1]]
D, [2017-06-30T15:36:49.116315 #88178] DEBUG -- :   [1m[35m (0.3ms)[0m  [1m[34mSELECT COUNT(*) FROM "event_video_votes" WHERE "event_video_votes"."event_video_id" = ?[0m  [["event_video_id", 5]]
